<?xml version="1.0" encoding="UTF-8"?>
<testng-results ignored="0" total="1" passed="1" failed="0" skipped="0">
  <reporter-output>
  </reporter-output>
  <suite started-at="2019-08-30T09:41:53Z" name="Surefire suite" finished-at="2019-08-30T09:42:24Z" duration-ms="30665">
    <groups>
    </groups>
    <test started-at="2019-08-30T09:41:53Z" name="Surefire test" finished-at="2019-08-30T09:42:24Z" duration-ms="30665">
      <class name="Com.OrangeHRM1.TestSuite">
        <test-method is-config="true" signature="openBrowser()[pri:0, instance:Com.OrangeHRM1.TestSuite@515aebb0]" started-at="2019-08-30T09:41:53Z" name="openBrowser" finished-at="2019-08-30T09:42:00Z" duration-ms="7049" status="PASS">
          <reporter-output>
          </reporter-output>
        </test-method> <!-- openBrowser -->
        <test-method signature="to_verify_User_Is_Able_To_inputUserIDPassword_HoveroverPIM_CreateEmploee_ClickOnAdmin_ClickAdd_()[pri:0, instance:Com.OrangeHRM1.TestSuite@515aebb0]" started-at="2019-08-30T09:42:00Z" name="to_verify_User_Is_Able_To_inputUserIDPassword_HoveroverPIM_CreateEmploee_ClickOnAdmin_ClickAdd_" finished-at="2019-08-30T09:42:23Z" duration-ms="22768" status="PASS">
          <reporter-output>
          </reporter-output>
        </test-method> <!-- to_verify_User_Is_Able_To_inputUserIDPassword_HoveroverPIM_CreateEmploee_ClickOnAdmin_ClickAdd_ -->
        <test-method is-config="true" signature="closeBrowser()[pri:0, instance:Com.OrangeHRM1.TestSuite@515aebb0]" started-at="2019-08-30T09:42:23Z" name="closeBrowser" finished-at="2019-08-30T09:42:24Z" duration-ms="804" status="PASS">
          <reporter-output>
          </reporter-output>
        </test-method> <!-- closeBrowser -->
      </class> <!-- Com.OrangeHRM1.TestSuite -->
    </test> <!-- Surefire test -->
  </suite> <!-- Surefire suite -->
</testng-results>
